PRISM
=====

Version: 4.5.dev
Date: Mon Mar 15 22:34:17 GMT 2021
Hostname: Simoss-MacBook-Pro.local
Memory limits: cudd=1g, java(heap)=4g

Type:        MDP
Modules:     host0 env_error4 
Variables:   x y coll probes mess defend ip l env k c1 c2 c3 c4 error 

---------------------------------------------------------------------

Building model...

Computing reachable states... 5449 states
Reachable states exploration and model construction done in 0.237 secs.
Sorting reachable states list...

Time for model construction: 0.282 seconds.

Type:        MDP
States:      5449 (1 initial)
Transitions: 16595
Choices:     15930
Max/avg:     4/2.92
