PRISM
=====

Version: 4.5.dev
Date: Tue Mar 16 23:23:01 GMT 2021
Hostname: Simoss-MacBook-Pro.local
Memory limits: cudd=1g, java(heap)=4g

Type:        MDP
Modules:     process1 process2 coin1_error coin2_error 
Variables:   s1 r1 p1 s2 r2 p2 c1 v1 c2 v2 

---------------------------------------------------------------------

Building model...

Computing reachable states... 1517 states
Reachable states exploration and model construction done in 0.118 secs.
Sorting reachable states list...

Time for model construction: 0.154 seconds.

Type:        MDP
States:      1517 (1 initial)
Transitions: 2616
Choices:     2616
Max/avg:     4/1.72
