PRISM
=====

Version: 4.5.dev
Date: Mon Mar 15 03:21:25 GMT 2021
Hostname: Simos-MacBook-Air.local
Memory limits: cudd=1g, java(heap)=4g

Type:        MDP
Modules:     autonomy 
Variables:   s loc tried_xloc1 tried_xloc2 tried_xloc3 tried_xloc4 

---------------------------------------------------------------------

Building model...

Computing reachable states... 129 states
Reachable states exploration and model construction done in 0.026 secs.
Sorting reachable states list...

Time for model construction: 0.045 seconds.

Warning: Deadlocks detected and fixed in 64 states

Type:        MDP
States:      129 (1 initial)
Transitions: 300
Choices:     248
Max/avg:     4/1.92
