PRISM
=====

Version: 4.5.dev
Date: Mon Mar 15 03:13:02 GMT 2021
Hostname: Simos-MacBook-Air.local
Memory limits: cudd=1g, java(heap)=4g

Type:        MDP
Modules:     autonomy 
Variables:   s loc tried_xloc1 tried_xloc2 tried_xloc3 tried_xloc4 tried_xloc5 

---------------------------------------------------------------------

Building model...

Computing reachable states... 321 states
Reachable states exploration and model construction done in 0.042 secs.
Sorting reachable states list...

Time for model construction: 0.063 seconds.

Warning: Deadlocks detected and fixed in 160 states

Type:        MDP
States:      321 (1 initial)
Transitions: 895
Choices:     730
Max/avg:     5/2.27
