PRISM
=====

Version: 4.5.dev
Date: Fri Apr 23 18:22:11 BST 2021
Hostname: Simoss-MacBook-Pro.local
Memory limits: cudd=1g, java(heap)=4g

Type:        MDP
Modules:     reconf TASWorkflow MS1 MS2 MS3 MS4 MS5 DS1 AS1 AS2 AS3 
Variables:   MS_selected DS_selected AS_selected task analysisResult MSInvoked DInvoked AInvoked workflowOK workflowDone timeouts MS1_serviceOK MS1_ready MS2_serviceOK MS2_ready MS3_serviceOK MS3_ready MS4_serviceOK MS4_ready MS5_serviceOK MS5_ready DS1_serviceOK DS1_ready AS1_serviceOK AS1_ready AS2_serviceOK AS2_ready AS3_serviceOK AS3_ready 

---------------------------------------------------------------------

Building model...

Computing reachable states... 1016 states
Reachable states exploration and model construction done in 0.134 secs.
Sorting reachable states list...

Time for model construction: 0.184 seconds.

Warning: Deadlocks detected and fixed in 300 states

Type:        MDP
States:      1016 (1 initial)
Transitions: 1495
Choices:     1255
Max/avg:     5/1.24
