PRISM
=====

Version: 4.5.dev
Date: Tue Mar 30 22:06:31 BST 2021
Hostname: Simoss-MacBook-Pro.local
Memory limits: cudd=1g, java(heap)=8g

Type:        MDP
Modules:     controller sensor1 sensor2 sensor3 
Variables:   status t1_r1 t1_r2 t1_r3 t2_r1 t2_r2 t2_r3 turn1 turn2 turn3 state1 m1_t1 m1_t2 state2 m2_t1 m2_t2 state3 m3_t1 m3_t2 

---------------------------------------------------------------------

Building model...

Computing reachable states... 12475 states
Reachable states exploration and model construction done in 0.612 secs.
Sorting reachable states list...

Time for model construction: 0.811 seconds.

Type:        MDP
States:      12475 (1 initial)
Transitions: 15228
Choices:     14935
Max/avg:     3/1.20
