PRISM
=====

Version: 4.5.dev
Date: Thu Mar 18 19:45:16 GMT 2021
Hostname: Simoss-MacBook-Pro.local
Memory limits: cudd=1g, java(heap)=4g

Type:        MDP
Modules:     scheduler P1 P2 
Variables:   task1 task2 task3 task4 task5 task6 p1 c1 x1 p2 c2 x2 

---------------------------------------------------------------------

Building model...

Computing reachable states... 31965 states
Reachable states exploration and model construction done in 1.176 secs.
Sorting reachable states list...

Time for model construction: 1.357 seconds.

Type:        MDP
States:      31965 (1 initial)
Transitions: 60434
Choices:     57965
Max/avg:     5/1.81

Computing SCCs...

Time for SCC computation: 0.084 seconds.

Exporting SCCs in plain text format to file "SCC.txt"...
