PRISM
=====

Version: 4.5.dev
Date: Wed Apr 21 10:25:12 BST 2021
Hostname: Simoss-MacBook-Pro.local
Memory limits: cudd=1g, java(heap)=8g

Type:        MDP
Modules:     reconf TASWorkflow MS1 MS2 MS3 MS4 MS5 DS1 AS1 AS2 AS3 
Variables:   turn MS1_selected MS2_selected MS3_selected MS4_selected MS5_selected DS1_selected AS1_selected AS2_selected AS3_selected task analysisResult MSInvoked DInvoked AInvoked workflowOK workflowDone timeouts MS1_serviceOK MS1_ready MS2_serviceOK MS2_ready MS3_serviceOK MS3_ready MS4_serviceOK MS4_ready MS5_serviceOK MS5_ready DS1_serviceOK DS1_ready AS1_serviceOK AS1_ready AS2_serviceOK AS2_ready AS3_serviceOK AS3_ready 

---------------------------------------------------------------------

Building model...

Computing reachable states... 13059 states
Reachable states exploration and model construction done in 0.835 secs.
Sorting reachable states list...

Time for model construction: 0.947 seconds.

Warning: Deadlocks detected and fixed in 3255 states

Type:        MDP
States:      13059 (1 initial)
Transitions: 22502
Choices:     18809
Max/avg:     5/1.44
