PRISM
=====

Version: 4.5.dev
Date: Fri Mar 12 01:48:24 GMT 2021
Hostname: Simoss-MacBook-Pro.local
Memory limits: cudd=1g, java(heap)=4g

Type:        MDP
Modules:     simple simple2 
Variables:   s ss 

---------------------------------------------------------------------

Building model...

Computing reachable states...

Reachability (BFS): 3 iterations in 0.00 seconds (average 0.000000, setup 0.00)

Time for model construction: 0.048 seconds.

Type:        MDP
States:      8 (1 initial)
Transitions: 28
Choices:     15

Transition matrix: 58 nodes (7 terminal), 28 minterms, vars: 3r/3c/4nd

Exporting transition matrix in plain text format to file "inputs/simple/simple2.tra"...
