PRISM
=====

Version: 4.5.dev
Date: Thu Apr 01 00:03:38 BST 2021
Hostname: Simoss-MacBook-Pro.local
Memory limits: cudd=1g, java(heap)=8g

Type:        MDP
Modules:     autonomy 
Variables:   s loc tried_xloc1 tried_xloc2 tried_xloc3 

---------------------------------------------------------------------

Building model...

Computing reachable states... 49 states
Reachable states exploration and model construction done in 0.02 secs.
Sorting reachable states list...

Time for model construction: 0.057 seconds.

Warning: Deadlocks detected and fixed in 24 states

Type:        MDP
States:      49 (1 initial)
Transitions: 93
Choices:     78
Max/avg:     3/1.59
