PRISM
=====

Version: 4.5.dev
Date: Tue Apr 06 18:42:27 BST 2021
Hostname: Simoss-MacBook-Pro.local
Memory limits: cudd=1g, java(heap)=8g

Type:        MDP
Modules:     controller sensor1 sensor2 
Variables:   status t1_r1 t1_r2 t1_r3 t2_r1 t2_r2 t2_r3 turn1 turn2 state1 m1_t1 m1_t2 state2 m2_t1 m2_t2 

---------------------------------------------------------------------

Building model...

Computing reachable states... 1847 states
Reachable states exploration and model construction done in 0.149 secs.
Sorting reachable states list...

Time for model construction: 0.184 seconds.

Type:        MDP
States:      1847 (1 initial)
Transitions: 2288
Choices:     2191
Max/avg:     3/1.19
