PRISM
=====

Version: 4.5.dev
Date: Wed Mar 24 02:52:08 GMT 2021
Hostname: Simoss-MacBook-Pro.local
Memory limits: cudd=1g, java(heap)=4g

Type:        MDP
Modules:     autonomy 
Variables:   s loc tried_xloc1 tried_xloc2 tried_xloc3 tried_xloc4 tried_xloc5 tried_xloc6 

---------------------------------------------------------------------

Building model...

Computing reachable states... 769 states
Reachable states exploration and model construction done in 0.072 secs.
Sorting reachable states list...

Time for model construction: 0.101 seconds.

Warning: Deadlocks detected and fixed in 384 states

Type:        MDP
States:      769 (1 initial)
Transitions: 2514
Choices:     2028
Max/avg:     6/2.64
