PRISM
=====

Version: 4.5.dev
Date: Wed Mar 24 03:06:08 GMT 2021
Hostname: Simoss-MacBook-Pro.local
Memory limits: cudd=1g, java(heap)=4g

Type:        MDP
Modules:     autonomy 
Variables:   s loc tried_xloc1 tried_xloc2 tried_xloc3 tried_xloc4 tried_xloc5 tried_xloc6 tried_xloc7 tried_xloc8 

---------------------------------------------------------------------

Building model...

Computing reachable states... 4097 states
Reachable states exploration and model construction done in 0.294 secs.
Sorting reachable states list...

Time for model construction: 0.39 seconds.

Warning: Deadlocks detected and fixed in 2048 states

Type:        MDP
States:      4097 (1 initial)
Transitions: 17432
Choices:     13840
Max/avg:     8/3.38
