PRISM
=====

Version: 4.5.dev
Date: Thu Apr 22 02:27:31 BST 2021
Hostname: Simoss-MacBook-Pro.local
Memory limits: cudd=1g, java(heap)=8g

Type:        MDP
Modules:     autonomy 
Variables:   s loc tried tried_xloc1 succ_xloc1 tried_xloc2 succ_xloc2 tried_xloc3 succ_xloc3 

---------------------------------------------------------------------

Building model...

Computing reachable states... 39 states
Reachable states exploration and model construction done in 0.024 secs.
Sorting reachable states list...

Time for model construction: 0.047 seconds.

Warning: Deadlocks detected and fixed in 12 states

Type:        MDP
States:      39 (1 initial)
Transitions: 75
Choices:     72
Max/avg:     4/1.85
