PRISM
=====

Version: 4.5.dev
Date: Wed Mar 31 18:17:59 BST 2021
Hostname: Simoss-MacBook-Pro.local
Memory limits: cudd=1g, java(heap)=8g

Type:        MDP
Modules:     autonomy 
Variables:   s loc tried tried_xloc1 succ_xloc1 tried_xloc2 succ_xloc2 tried_xloc3 succ_xloc3 tried_xloc4 succ_xloc4 

---------------------------------------------------------------------

Building model...

Computing reachable states... 314 states
Reachable states exploration and model construction done in 0.072 secs.
Sorting reachable states list...

Time for model construction: 0.118 seconds.

Warning: Deadlocks detected and fixed in 68 states

Type:        MDP
States:      314 (1 initial)
Transitions: 720
Choices:     680
Max/avg:     5/2.17
