PRISM
=====

Version: 4.5.dev
Date: Fri Apr 23 18:35:42 BST 2021
Hostname: Simoss-MacBook-Pro.local
Memory limits: cudd=1g, java(heap)=4g

Type:        MDP
Modules:     autonomy 
Variables:   s loc tried tried_xloc1 succ_xloc1 tried_xloc2 succ_xloc2 tried_xloc3 succ_xloc3 tried_xloc4 succ_xloc4 tried_xloc5 succ_xloc5 

---------------------------------------------------------------------

Building model...

Computing reachable states... 710 states
Reachable states exploration and model construction done in 0.069 secs.
Sorting reachable states list...

Time for model construction: 0.119 seconds.

Warning: Deadlocks detected and fixed in 155 states

Type:        MDP
States:      710 (1 initial)
Transitions: 1805
Choices:     1720
Max/avg:     6/2.42
